SF:lib/data/remote/remote_app.dart
DA:7,1
DA:9,1
DA:10,2
DA:11,3
DA:12,2
DA:13,2
DA:14,2
LF:7
LH:7
end_of_record
SF:lib/data/repository/app_repository.dart
DA:5,1
DA:7,1
DA:8,3
LF:3
LH:3
end_of_record
SF:lib/data/model/base_negative.dart
DA:9,0
DA:11,0
DA:12,0
DA:14,0
DA:16,0
LF:5
LH:0
end_of_record
SF:lib/data/model/base_negative.g.dart
DA:9,0
DA:10,0
DA:11,0
DA:14,0
DA:15,0
DA:16,0
DA:17,0
LF:7
LH:0
end_of_record
SF:lib/data/model/base_response.dart
DA:6,1
DA:7,2
DA:8,1
DA:9,1
DA:10,1
DA:13,0
DA:15,0
DA:16,0
DA:17,0
DA:18,0
DA:19,0
LF:11
LH:5
end_of_record
SF:lib/data/remote/base_remote.dart
DA:6,1
DA:7,2
DA:10,0
DA:11,0
LF:4
LH:2
end_of_record
